2026-07-01 10:54:55 : Pre-flight checks completed successfully.
2026-07-01 11:11:31 : Pre-flight checks completed successfully.
2026-07-01 11:20:05 : Pre-flight checks completed successfully.
2026-07-01 11:21:04 : Pre-flight checks completed successfully.
2026-07-02 08:27:05 : ===============================
2026-07-02 08:27:05 : Backup Job Started
2026-07-02 08:27:09 : ERROR: Bucket company-backups does not exist.
2026-07-02 08:30:51 : ===============================
2026-07-02 08:30:51 : Backup Job Started
2026-07-02 08:30:53 : ERROR: Bucket company-backups does not exist.
2026-07-02 08:37:32 : ===============================
2026-07-02 08:37:32 : Backup Job Started
2026-07-02 08:37:34 : ERROR: Bucket company-backups does not exist.
2026-07-02 08:51:00 : ===============================
2026-07-02 08:51:00 : Backup Job Started
2026-07-02 08:51:02 : Pre-flight checks completed successfully.
2026-07-02 08:51:02 : Creating backup archive...
2026-07-02 08:51:02 : Backup archive created successfully.
2026-07-02 08:51:02 : Backup Size: 4.0K
2026-07-02 08:51:02 : Backup Job Completed
2026-07-02 08:51:02 : ===============================
2026-07-02 09:04:23 : ===============================
2026-07-02 09:04:23 : Backup Job Started
2026-07-02 09:04:25 : Pre-flight checks completed successfully.
2026-07-02 09:04:25 : Creating backup archive...
2026-07-02 09:04:25 : Backup archive created successfully.
2026-07-02 09:04:25 : Backup Size: 4.0K
2026-07-02 09:04:25 : Backup Job Completed
2026-07-02 09:04:25 : ===============================
2026-07-02 09:07:41 : Verifying uploaded object...
2026-07-02 09:07:43 : ERROR: Upload verification failed.
2026-07-02 09:24:52 : ===============================
2026-07-02 09:24:52 : Backup Job Started
2026-07-02 09:24:55 : Pre-flight checks completed successfully.
2026-07-02 09:24:55 : Creating backup archive...
2026-07-02 09:24:55 : Backup archive created successfully.
2026-07-02 09:24:55 : Backup Size: 4.0K
2026-07-02 09:24:55 : Uploading backup to S3...
2026-07-02 09:24:56 : Upload completed.
2026-07-02 09:24:56 : Verifying uploaded object...
2026-07-02 09:24:57 : Upload verification successful.
2026-07-02 09:24:57 : Deleting local backup...
2026-07-02 09:24:57 : Local backup removed.
2026-07-02 09:24:57 : Backup Job Completed
2026-07-02 09:24:57 : ===============================
